<?xml version="1.0" encoding="UTF-8"?>
<testsuite name="hr.krunoslav.magazin.sfshop.unit.services.jaxb.XmlTojavaServiceTest" time="0.093" tests="3" errors="1" skipped="0" failures="0">
  <properties>
[...]
</properties>
  <testcase name="testConvertToJavaNoIgnoredItemSubtags" classname="hr.krunoslav.magazin.sfshop.unit.services.jaxb.XmlTojavaServiceTest" time="0.044"/>
  <testcase name="testHappyConvertToJava" classname="hr.krunoslav.magazin.sfshop.unit.services.jaxb.XmlTojavaServiceTest" time="0.045">
    <error message="eee" type="java.lang.RuntimeException">java.lang.RuntimeException: eee
	at hr.krunoslav.magazin.sfshop.unit.services.jaxb.XmlTojavaServiceTest.testHappyConvertToJava(XmlTojavaServiceTest.java:73)
</error>
    <system-out><![CDATA[02:42:10.392 [main] TRACE hr.krunoslav.magazin.sfshop.services.jaxb.XmlTojavaService - Inventory [timestamp=2017-03-22T06:43:15.398+01:00, template=Template [field=[Field [idx=0, name=Barcode / Item-ID, descr=ID (z.B. Barcode oder Artikelnummer), type=TEXT, required=true, access=EDITABLE, content=KEY], Field [idx=1, name=Description, descr=Bezeichnung, type=TEXT, required=false, access=EDITABLE, content=DESCRIPTION], Field [idx=2, name=Quantity, descr=Menge, type=QUANTITY, required=true, access=EDITABLE, content=GENERIC], Field [idx=3, name=Note, descr=Bemerkung, type=TEXT, required=false, access=EDITABLE, content=NOTE], Field [idx=4, name=Labels, descr=Labels, type=TEXT, required=false, access=EDITABLE, content=TAGS], Field [idx=5, name=_UID, descr=Universal ID, type=INTEGER, required=false, access=HIDDEN, content=UID], Field [idx=6, name=_Created, descr=Erstellungsdatum, type=TIMESTAMP, required=false, access=HIDDEN, content=TIMESTAMP_CREATED], Field [idx=7, name=_Modified, descr=Änderungsdatum, type=TIMESTAMP, required=false, access=HIDDEN, content=TIMESTAMP_MODIFIED], Field [idx=8, name=_Origin, descr=Ursprungs-ID, type=TEXT, required=false, access=HIDDEN, content=ORIGIN], Field [idx=9, name=Total quantity, descr=Gesamtmenge, type=DECIMAL, required=false, access=HIDDEN, content=TOTAL_QUANTITY], Field [idx=10, name=_Checks, descr=Checks state, type=INTEGER, required=false, access=HIDDEN, content=CHECKS_STATE]]], items=Items [item=[Item [uid=1, value0=null, value2=Value2 [min=, max=, value= 5], value5=1, value6=2016-07-08T16:19:17.701+02:00, value7=2016-07-08T16:19:17.701+02:00, value8=d966e7bb6a5e5cce, value9=5], Item [uid=2, value0=6900, value2=Value2 [min=, max=, value= 4], value5=2, value6=2016-07-08T16:21:32.362+02:00, value7=2017-03-10T12:20:35.732+01:00, value8=d966e7bb6a5e5cce, value9=4], Item [uid=3, value0=6927, value2=Value2 [min=, max=, value= 2], value5=3, value6=2016-07-08T16:21:32.362+02:00, value7=2017-03-10T12:20:35.732+01:00, value8=d966e7bb6a5e5cce, value9=4]]]]

EVENT
SEVERITY:  2
MESSAGE:  cvc-complex-type.2.4.a: Invalid content was found starting with element 'value2'. One of '{"com:tecit:inventory:02:02":value0}' is expected.
LINKED EXCEPTION:  org.xml.sax.SAXParseException; systemId: file:/home/kruno/projects/sfactory-p/target/test-classes/XmlTestExamples/data_happy.xml; lineNumber: 19; columnNumber: 32; cvc-complex-type.2.4.a: Invalid content was found starting with element 'value2'. One of '{"com:tecit:inventory:02:02":value0}' is expected.
LOCATOR
    LINE NUMBER:  19
    COLUMN NUMBER:  32
    OFFSET:  -1
    OBJECT:  null
    NODE:  null
    URL:  file:/home/kruno/projects/sfactory-p/target/test-classes/XmlTestExamples/data_happy.xml
]]></system-out>
    <system-err><![CDATA[javax.xml.bind.UnmarshalException
 - with linked exception:
[org.xml.sax.SAXParseException; systemId: file:/home/kruno/projects/sfactory-p/target/test-classes/XmlTestExamples/data_happy.xml; lineNumber: 19; columnNumber: 32; cvc-complex-type.2.4.a: Invalid content was found starting with element 'value2'. One of '{"com:tecit:inventory:02:02":value0}' is expected.]
	at javax.xml.bind.helpers.AbstractUnmarshallerImpl.createUnmarshalException(AbstractUnmarshallerImpl.java:335)
	at com.sun.xml.internal.bind.v2.runtime.unmarshaller.UnmarshallerImpl.createUnmarshalException(UnmarshallerImpl.java:563)
	at com.sun.xml.internal.bind.v2.runtime.unmarshaller.UnmarshallerImpl.unmarshal0(UnmarshallerImpl.java:249)
	at com.sun.xml.internal.bind.v2.runtime.unmarshaller.UnmarshallerImpl.unmarshal(UnmarshallerImpl.java:214)
	at javax.xml.bind.helpers.AbstractUnmarshallerImpl.unmarshal(AbstractUnmarshallerImpl.java:157)
	at javax.xml.bind.helpers.AbstractUnmarshallerImpl.unmarshal(AbstractUnmarshallerImpl.java:162)
	at javax.xml.bind.helpers.AbstractUnmarshallerImpl.unmarshal(AbstractUnmarshallerImpl.java:171)
	at javax.xml.bind.helpers.AbstractUnmarshallerImpl.unmarshal(AbstractUnmarshallerImpl.java:189)
	at hr.krunoslav.magazin.sfshop.unit.services.jaxb.XmlTojavaServiceTest.testHappyConvertToJava(XmlTojavaServiceTest.java:67)
	at sun.reflect.NativeMethodAccessorImpl.invoke0(Native Method)
	at sun.reflect.NativeMethodAccessorImpl.invoke(NativeMethodAccessorImpl.java:62)
	at sun.reflect.DelegatingMethodAccessorImpl.invoke(DelegatingMethodAccessorImpl.java:43)
	at java.lang.reflect.Method.invoke(Method.java:498)
	at org.junit.runners.model.FrameworkMethod$1.runReflectiveCall(FrameworkMethod.java:50)
	at org.junit.internal.runners.model.ReflectiveCallable.run(ReflectiveCallable.java:12)
	at org.junit.runners.model.FrameworkMethod.invokeExplosively(FrameworkMethod.java:47)
	at org.junit.internal.runners.statements.InvokeMethod.evaluate(InvokeMethod.java:17)
	at org.junit.runners.ParentRunner.runLeaf(ParentRunner.java:325)
	at org.junit.runners.BlockJUnit4ClassRunner.runChild(BlockJUnit4ClassRunner.java:78)
	at org.junit.runners.BlockJUnit4ClassRunner.runChild(BlockJUnit4ClassRunner.java:57)
	at org.junit.runners.ParentRunner$3.run(ParentRunner.java:290)
	at org.junit.runners.ParentRunner$1.schedule(ParentRunner.java:71)
	at org.junit.runners.ParentRunner.runChildren(ParentRunner.java:288)
	at org.junit.runners.ParentRunner.access$000(ParentRunner.java:58)
	at org.junit.runners.ParentRunner$2.evaluate(ParentRunner.java:268)
	at org.junit.runners.ParentRunner.run(ParentRunner.java:363)
	at org.apache.maven.surefire.junit4.JUnit4Provider.execute(JUnit4Provider.java:264)
	at org.apache.maven.surefire.junit4.JUnit4Provider.executeTestSet(JUnit4Provider.java:153)
	at org.apache.maven.surefire.junit4.JUnit4Provider.invoke(JUnit4Provider.java:124)
	at org.apache.maven.surefire.booter.ForkedBooter.invokeProviderInSameClassLoader(ForkedBooter.java:200)
	at org.apache.maven.surefire.booter.ForkedBooter.runSuitesInProcess(ForkedBooter.java:153)
	at org.apache.maven.surefire.booter.ForkedBooter.main(ForkedBooter.java:103)
Caused by: org.xml.sax.SAXParseException; systemId: file:/home/kruno/projects/sfactory-p/target/test-classes/XmlTestExamples/data_happy.xml; lineNumber: 19; columnNumber: 32; cvc-complex-type.2.4.a: Invalid content was found starting with element 'value2'. One of '{"com:tecit:inventory:02:02":value0}' is expected.
	at com.sun.org.apache.xerces.internal.util.ErrorHandlerWrapper.createSAXParseException(ErrorHandlerWrapper.java:203)
	at com.sun.org.apache.xerces.internal.util.ErrorHandlerWrapper.error(ErrorHandlerWrapper.java:134)
	at com.sun.org.apache.xerces.internal.impl.XMLErrorReporter.reportError(XMLErrorReporter.java:396)
	at com.sun.org.apache.xerces.internal.impl.XMLErrorReporter.reportError(XMLErrorReporter.java:327)
	at com.sun.org.apache.xerces.internal.impl.XMLErrorReporter.reportError(XMLErrorReporter.java:284)
	at com.sun.org.apache.xerces.internal.impl.xs.XMLSchemaValidator$XSIErrorReporter.reportError(XMLSchemaValidator.java:452)
	at com.sun.org.apache.xerces.internal.impl.xs.XMLSchemaValidator.reportSchemaError(XMLSchemaValidator.java:3230)
	at com.sun.org.apache.xerces.internal.impl.xs.XMLSchemaValidator.handleStartElement(XMLSchemaValidator.java:1790)
	at com.sun.org.apache.xerces.internal.impl.xs.XMLSchemaValidator.startElement(XMLSchemaValidator.java:740)
	at com.sun.org.apache.xerces.internal.jaxp.validation.ValidatorHandlerImpl.startElement(ValidatorHandlerImpl.java:570)
	at com.sun.xml.internal.bind.v2.runtime.unmarshaller.ValidatingUnmarshaller.startElement(ValidatingUnmarshaller.java:86)
	at com.sun.xml.internal.bind.v2.runtime.unmarshaller.SAXConnector.startElement(SAXConnector.java:153)
	at com.sun.org.apache.xerces.internal.parsers.AbstractSAXParser.startElement(AbstractSAXParser.java:509)
	at com.sun.org.apache.xerces.internal.impl.XMLNSDocumentScannerImpl.scanStartElement(XMLNSDocumentScannerImpl.java:374)
	at com.sun.org.apache.xerces.internal.impl.XMLDocumentFragmentScannerImpl$FragmentContentDriver.next(XMLDocumentFragmentScannerImpl.java:2784)
	at com.sun.org.apache.xerces.internal.impl.XMLDocumentScannerImpl.next(XMLDocumentScannerImpl.java:602)
	at com.sun.org.apache.xerces.internal.impl.XMLNSDocumentScannerImpl.next(XMLNSDocumentScannerImpl.java:112)
	at com.sun.org.apache.xerces.internal.impl.XMLDocumentFragmentScannerImpl.scanDocument(XMLDocumentFragmentScannerImpl.java:505)
	at com.sun.org.apache.xerces.internal.parsers.XML11Configuration.parse(XML11Configuration.java:841)
	at com.sun.org.apache.xerces.internal.parsers.XML11Configuration.parse(XML11Configuration.java:770)
	at com.sun.org.apache.xerces.internal.parsers.XMLParser.parse(XMLParser.java:141)
	at com.sun.org.apache.xerces.internal.parsers.AbstractSAXParser.parse(AbstractSAXParser.java:1213)
	at com.sun.org.apache.xerces.internal.jaxp.SAXParserImpl$JAXPSAXParser.parse(SAXParserImpl.java:643)
	at com.sun.xml.internal.bind.v2.runtime.unmarshaller.UnmarshallerImpl.unmarshal0(UnmarshallerImpl.java:243)
	... 29 more
]]></system-err>
  </testcase>
  <testcase name="testConvertToJavaNoTemplate" classname="hr.krunoslav.magazin.sfshop.unit.services.jaxb.XmlTojavaServiceTest" time="0.004"/>
</testsuite>